#
# A fatal error has been detected by the Java Runtime Environment:
#
#  EXCEPTION_ACCESS_VIOLATION (0xc0000005) at pc=0x000007fefdae57a0, pid=7568, tid=2668
#
# JRE version: Java(TM) SE Runtime Environment (8.0_91-b15) (build 1.8.0_91-b15)
# Java VM: Java HotSpot(TM) 64-Bit Server VM (25.91-b15 mixed mode windows-amd64 compressed oops)
# Problematic frame:
# C  [ole32.dll+0x357a0]
#
# Failed to write core dump. Minidumps are not enabled by default on client versions of Windows
#
# If you would like to submit a bug report, please visit:
#   http://bugreport.java.com/bugreport/crash.jsp
# The crash happened outside the Java Virtual Machine in native code.
# See problematic frame for where to report the bug.
#

---------------  T H R E A D  ---------------

Current thread (0x000000001d5ce000):  JavaThread "JavaFX Application Thread" [_thread_in_native, id=2668, stack(0x000000001dbd0000,0x000000001dcd0000)]

siginfo: ExceptionCode=0xc0000005, reading address 0xffffffffffffffff

Registers:
RAX=0x000000001dcca478, RBX=0x000000001dccb030, RCX=0x000000001f0fde20, RDX=0x000007fefec44c58
RSP=0x000000001dcca420, RBP=0x000000001dcca968, RSI=0x0000000000000000, RDI=0x000000001dcca950
R8 =0x000000001dccb028, R9 =0x000007feed1effff, R10=0x000000001dccb020, R11=0x000000001f0be680
R12=0x0000000000000000, R13=0x0000000080004002, R14=0x0000000000000000, R15=0x0000000000000000
RIP=0x000007fefdae57a0, EFLAGS=0x0000000000010246

Top of Stack: (sp=0x000000001dcca420)
0x000000001dcca420:   0000000000000000 0000000000000000
0x000000001dcca430:   000007fefdc36d80 000000001dcca4c0
0x000000001dcca440:   0000000000000000 0000000000000000
0x000000001dcca450:   0000000000000000 0000000000000000
0x000000001dcca460:   0000000000000001 000000001dccb020
0x000000001dcca470:   000000001dccadd0 000007fefdac1a91
0x000000001dcca480:   0000000000000401 0000000000000001
0x000000001dcca490:   0000000000000000 000000001dccb020
0x000000001dcca4a0:   0000000000000001 000000001dccaf28
0x000000001dcca4b0:   0052005c00000000 0000000000000000
0x000000001dcca4c0:   000000001ee180c0 004800430041004d
0x000000001dcca4d0:   000007fefdc60090 000007fefdc60118
0x000000001dcca4e0:   000007fefdc60138 0000033800000001
0x000000001dcca4f0:   000000c000000000 0000000046000000
0x000000001dcca500:   0000000100000000 0000000000000000
0x000000001dcca510:   0000000400000000 0000000000000000 

Instructions: (pc=0x000007fefdae57a0)
0x000007fefdae5780:   bf 4c 01 00 00 00 0f 85 0e 51 02 00 48 8b 4d 38
0x000007fefdae5790:   48 8d 14 76 4c 8b 09 4d 8d 44 d2 08 48 8b 53 f0
0x000007fefdae57a0:   41 ff 11 89 03 eb 00 4c 8b 54 24 78 8b 54 24 68
0x000007fefdae57b0:   45 85 ed 74 03 44 8b 2b ff c6 49 83 c7 04 49 83 


Register to memory mapping:

RAX=0x000000001dcca478 is pointing into the stack for thread: 0x000000001d5ce000
RBX=0x000000001dccb030 is pointing into the stack for thread: 0x000000001d5ce000
RCX=0x000000001f0fde20 is an unknown value
RDX=0x000007fefec44c58 is an unknown value
RSP=0x000000001dcca420 is pointing into the stack for thread: 0x000000001d5ce000
RBP=0x000000001dcca968 is pointing into the stack for thread: 0x000000001d5ce000
RSI=0x0000000000000000 is an unknown value
RDI=0x000000001dcca950 is pointing into the stack for thread: 0x000000001d5ce000
R8 =0x000000001dccb028 is pointing into the stack for thread: 0x000000001d5ce000
R9 =0x000007feed1effff is an unknown value
R10=0x000000001dccb020 is pointing into the stack for thread: 0x000000001d5ce000
R11=0x000000001f0be680 is an unknown value
R12=0x0000000000000000 is an unknown value
R13=0x0000000080004002 is an unknown value
R14=0x0000000000000000 is an unknown value
R15=0x0000000000000000 is an unknown value


Stack: [0x000000001dbd0000,0x000000001dcd0000],  sp=0x000000001dcca420,  free space=1001k
Native frames: (J=compiled Java code, j=interpreted, Vv=VM code, C=native code)
C  [ole32.dll+0x357a0]
C  [ole32.dll+0x11a91]
C  [ole32.dll+0x26e8b]
C  [SHELL32.dll+0x851d9]
C  [SHELL32.dll+0x6a870]
C  [SHELL32.dll+0x4deb5]
C  [SHELL32.dll+0x25d44]
C  [SHELL32.dll+0x25bec]
C  [SHELL32.dll+0x25b40]
C  [SHELL32.dll+0x4263f]
C  [SHELL32.dll+0x280a8]
C  [SHELL32.dll+0x1b21f2]
C  [SHELL32.dll+0x6b635]
C  [SHELL32.dll+0xa306e]
C  [ole32.dll+0x11d23]
C  [ole32.dll+0x1105a]
C  [ole32.dll+0x112ec]
C  [ole32.dll+0x1135e]
C  [ole32.dll+0x3649f]
C  [ole32.dll+0x3643f]
C  [ole32.dll+0x11f1b]
C  [ole32.dll+0x1105a]
C  [ole32.dll+0x11167]
C  [ole32.dll+0x1105a]
C  [ole32.dll+0x11a50]
C  [ole32.dll+0x26e8b]
C  [glass.dll+0x14713]
C  [glass.dll+0x20ce0]
C  [glass.dll+0x19f13]
C  [glass.dll+0x1c39e]
C  [glass.dll+0x19fbe]
C  [glass.dll+0xa295]
C  [glass.dll+0x17e8]
C  [USER32.dll+0x19c11]
C  [USER32.dll+0x16ab8]
C  [USER32.dll+0x16bbd]
C  [glass.dll+0x1c585]
C  0x0000000002a07f54

Java frames: (J=compiled Java code, j=interpreted, Vv=VM code)
j  com.sun.glass.ui.win.WinWindow._createWindow(JJI)J+0
j  com.sun.glass.ui.Window.<init>(Lcom/sun/glass/ui/Window;Lcom/sun/glass/ui/Screen;I)V+365
j  com.sun.glass.ui.win.WinWindow.<init>(Lcom/sun/glass/ui/Window;Lcom/sun/glass/ui/Screen;I)V+4
j  com.sun.glass.ui.win.WinApplication.createWindow(Lcom/sun/glass/ui/Window;Lcom/sun/glass/ui/Screen;I)Lcom/sun/glass/ui/Window;+7
j  com.sun.javafx.tk.quantum.WindowStage.initPlatformWindow()V+250
j  com.sun.javafx.tk.quantum.WindowStage.init(Lcom/sun/javafx/tk/quantum/GlassSystemMenu;)Lcom/sun/javafx/tk/quantum/WindowStage;+1
j  com.sun.javafx.tk.quantum.QuantumToolkit.createTKStage(Ljavafx/stage/Window;ZLjavafx/stage/StageStyle;ZLjavafx/stage/Modality;Lcom/sun/javafx/tk/TKStage;ZLjava/security/AccessControlContext;)Lcom/sun/javafx/tk/TKStage;+50
j  javafx.stage.Stage.impl_visibleChanging(Z)V+139
j  javafx.stage.Window$9.invalidated()V+80
j  javafx.beans.property.BooleanPropertyBase.markInvalid()V+13
j  javafx.beans.property.BooleanPropertyBase.set(Z)V+106
j  javafx.stage.Window.setShowing(Z)V+11
j  javafx.stage.Window.show()V+2
j  javafx.stage.Stage.show()V+1
j  com.officeManager.MainApp.showRootLayout()V+67
j  com.officeManager.MainApp.start(Ljavafx/stage/Stage;)V+12
j  com.sun.javafx.application.LauncherImpl.lambda$launchApplication1$162(Ljava/util/concurrent/atomic/AtomicBoolean;Ljavafx/application/Application;)V+20
j  com.sun.javafx.application.LauncherImpl$$Lambda$55.run()V+8
j  com.sun.javafx.application.PlatformImpl.lambda$runAndWait$175(Ljava/lang/Runnable;Ljava/util/concurrent/CountDownLatch;)V+1
j  com.sun.javafx.application.PlatformImpl$$Lambda$48.run()V+8
j  com.sun.javafx.application.PlatformImpl.lambda$null$173(Ljava/lang/Runnable;)Ljava/lang/Void;+1
j  com.sun.javafx.application.PlatformImpl$$Lambda$50.run()Ljava/lang/Object;+4
v  ~StubRoutines::call_stub
j  java.security.AccessController.doPrivileged(Ljava/security/PrivilegedAction;Ljava/security/AccessControlContext;)Ljava/lang/Object;+0
j  com.sun.javafx.application.PlatformImpl.lambda$runLater$174(Ljava/lang/Runnable;Ljava/security/AccessControlContext;)V+7
j  com.sun.javafx.application.PlatformImpl$$Lambda$49.run()V+8
j  com.sun.glass.ui.InvokeLaterDispatcher$Future.run()V+4
v  ~StubRoutines::call_stub
j  com.sun.glass.ui.win.WinApplication._runLoop(Ljava/lang/Runnable;)V+0
j  com.sun.glass.ui.win.WinApplication.lambda$null$148(ILjava/lang/Runnable;)V+8
j  com.sun.glass.ui.win.WinApplication$$Lambda$38.run()V+12
j  java.lang.Thread.run()V+11
v  ~StubRoutines::call_stub

---------------  P R O C E S S  ---------------

Java Threads: ( => current thread )
  0x000000001f06b800 JavaThread "Thread-3" daemon [_thread_in_native, id=6880, stack(0x000000001f840000,0x000000001f940000)]
  0x000000001f066000 JavaThread "JavaFX-Launcher" [_thread_blocked, id=7908, stack(0x000000001fa80000,0x000000001fb80000)]
=>0x000000001d5ce000 JavaThread "JavaFX Application Thread" [_thread_in_native, id=2668, stack(0x000000001dbd0000,0x000000001dcd0000)]
  0x000000001d5cd000 JavaThread "Thread-1" daemon [_thread_blocked, id=9016, stack(0x000000001dcd0000,0x000000001ddd0000)]
  0x000000001d597000 JavaThread "QuantumRenderer-0" daemon [_thread_blocked, id=8884, stack(0x000000001cb50000,0x000000001cc50000)]
  0x000000001d232800 JavaThread "Service Thread" daemon [_thread_blocked, id=8204, stack(0x000000001d7a0000,0x000000001d8a0000)]
  0x000000001bf01800 JavaThread "C1 CompilerThread1" daemon [_thread_blocked, id=8904, stack(0x000000001d120000,0x000000001d220000)]
  0x000000001bef9000 JavaThread "C2 CompilerThread0" daemon [_thread_blocked, id=8892, stack(0x000000001cfd0000,0x000000001d0d0000)]
  0x000000001bef7000 JavaThread "Attach Listener" daemon [_thread_blocked, id=2404, stack(0x000000001c910000,0x000000001ca10000)]
  0x000000001bef5800 JavaThread "Signal Dispatcher" daemon [_thread_blocked, id=8056, stack(0x000000001cdd0000,0x000000001ced0000)]
  0x000000001bede800 JavaThread "Finalizer" daemon [_thread_blocked, id=7484, stack(0x000000001cc90000,0x000000001cd90000)]
  0x000000001be95000 JavaThread "Reference Handler" daemon [_thread_blocked, id=8548, stack(0x000000001ca40000,0x000000001cb40000)]
  0x0000000001eae000 JavaThread "main" [_thread_blocked, id=1168, stack(0x0000000002620000,0x0000000002720000)]

Other Threads:
  0x000000001be8d000 VMThread [stack: 0x000000001c7f0000,0x000000001c8f0000] [id=1560]
  0x000000001d258000 WatcherThread [stack: 0x000000001d8c0000,0x000000001d9c0000] [id=4804]

VM state:not at safepoint (normal execution)

VM Mutex/Monitor currently owned by a thread: None

Heap:
 PSYoungGen      total 76288K, used 22732K [0x000000076b100000, 0x0000000770600000, 0x00000007c0000000)
  eden space 65536K, 34% used [0x000000076b100000,0x000000076c7330f8,0x000000076f100000)
  from space 10752K, 0% used [0x000000076fb80000,0x000000076fb80000,0x0000000770600000)
  to   space 10752K, 0% used [0x000000076f100000,0x000000076f100000,0x000000076fb80000)
 ParOldGen       total 175104K, used 0K [0x00000006c1200000, 0x00000006cbd00000, 0x000000076b100000)
  object space 175104K, 0% used [0x00000006c1200000,0x00000006c1200000,0x00000006cbd00000)
 Metaspace       used 10856K, capacity 11194K, committed 11264K, reserved 1058816K
  class space    used 1388K, capacity 1505K, committed 1536K, reserved 1048576K

Card table byte_map: [0x0000000011db0000,0x00000000125b0000] byte_map_base: 0x000000000e7a7000

Marking Bits: (ParMarkBitMap*) 0x000000005f6a2f70
 Begin Bits: [0x0000000012df0000, 0x0000000016da8000)
 End Bits:   [0x0000000016da8000, 0x000000001ad60000)

Polling page: 0x0000000000230000

CodeCache: size=245760Kb used=2748Kb max_used=2759Kb free=243011Kb
 bounds [0x00000000029f0000, 0x0000000002cb0000, 0x00000000119f0000]
 total_blobs=1132 nmethods=671 adapters=374
 compilation: enabled

Compilation events (10 events):
Event: 0.381 Thread 0x000000001bf01800  667       3       java.util.zip.ZipFile::access$1000 (6 bytes)
Event: 0.381 Thread 0x000000001bf01800 nmethod 667 0x0000000002c9f150 code [0x0000000002c9f2c0, 0x0000000002c9f428]
Event: 0.381 Thread 0x000000001bf01800  669       3       java.util.zip.ZipFile::access$200 (5 bytes)
Event: 0.382 Thread 0x000000001bf01800 nmethod 669 0x0000000002c9f4d0 code [0x0000000002c9f640, 0x0000000002c9f7a8]
Event: 0.382 Thread 0x000000001bf01800  668       1       java.util.zip.ZipEntry::getName (5 bytes)
Event: 0.382 Thread 0x000000001bf01800 nmethod 668 0x0000000002c9f850 code [0x0000000002c9f9a0, 0x0000000002c9fab0]
Event: 0.382 Thread 0x000000001bf01800  670       3       java.nio.charset.CharsetDecoder::reset (11 bytes)
Event: 0.382 Thread 0x000000001bef9000  671       4       java.lang.String::startsWith (72 bytes)
Event: 0.382 Thread 0x000000001bf01800 nmethod 670 0x0000000002c9fb10 code [0x0000000002c9fc60, 0x0000000002c9fe90]
Event: 0.383 Thread 0x000000001bef9000 nmethod 671 0x0000000002ca2d10 code [0x0000000002ca2e60, 0x0000000002ca3018]

GC Heap History (0 events):
No events

Deoptimization events (6 events):
Event: 0.237 Thread 0x000000001d5ce000 Uncommon trap: reason=unstable_if action=reinterpret pc=0x0000000002bc7aa8 method=java.lang.String.indexOf([CII[CIII)I @ 134
Event: 0.237 Thread 0x000000001d5ce000 Uncommon trap: reason=unstable_if action=reinterpret pc=0x0000000002b99328 method=java.lang.String.replace(CC)Ljava/lang/String; @ 26
Event: 0.296 Thread 0x000000001d5ce000 Uncommon trap: reason=unstable_if action=reinterpret pc=0x0000000002c33d68 method=java.io.BufferedInputStream.read()I @ 8
Event: 0.308 Thread 0x000000001d5ce000 Uncommon trap: reason=unstable_if action=reinterpret pc=0x0000000002c45550 method=java.util.HashMap.getNode(ILjava/lang/Object;)Ljava/util/HashMap$Node; @ 84
Event: 0.321 Thread 0x000000001d5ce000 Uncommon trap: reason=unstable_if action=reinterpret pc=0x0000000002ba279c method=java.lang.String.startsWith(Ljava/lang/String;I)Z @ 25
Event: 0.364 Thread 0x000000001d5ce000 Uncommon trap: reason=unstable_if action=reinterpret pc=0x0000000002c6007c method=java.util.HashMap.hash(Ljava/lang/Object;)I @ 1

Internal exceptions (10 events):
Event: 0.101 Thread 0x0000000001eae000 Exception <a 'java/security/PrivilegedActionException'> (0x000000076b464880) thrown at [C:\re\workspace\8-2-build-windows-amd64-cygwin\jdk8u91\7017\hotspot\src\share\vm\prims\jvm.cpp, line 1386]
Event: 0.101 Thread 0x0000000001eae000 Exception <a 'java/security/PrivilegedActionException'> (0x000000076b464a90) thrown at [C:\re\workspace\8-2-build-windows-amd64-cygwin\jdk8u91\7017\hotspot\src\share\vm\prims\jvm.cpp, line 1386]
Event: 0.101 Thread 0x0000000001eae000 Exception <a 'java/lang/NullPointerException'> (0x000000076b465068) thrown at [C:\re\workspace\8-2-build-windows-amd64-cygwin\jdk8u91\7017\hotspot\src\share\vm\interpreter\linkResolver.cpp, line 1178]
Event: 0.273 Thread 0x000000001d5ce000 Exception <a 'java/lang/NullPointerException'> (0x000000076c099d00) thrown at [C:\re\workspace\8-2-build-windows-amd64-cygwin\jdk8u91\7017\hotspot\src\share\vm\interpreter\linkResolver.cpp, line 1178]
Event: 0.273 Thread 0x000000001d5ce000 Exception <a 'java/lang/NullPointerException'> (0x000000076c099d00) thrown at [C:\re\workspace\8-2-build-windows-amd64-cygwin\jdk8u91\7017\hotspot\src\share\vm\prims\jvm.cpp, line 1390]
Event: 0.327 Thread 0x000000001d5ce000 Exception <a 'java/lang/ArrayIndexOutOfBoundsException': 70> (0x000000076c43bf48) thrown at [C:\re\workspace\8-2-build-windows-amd64-cygwin\jdk8u91\7017\hotspot\src\share\vm\interpreter\interpreterRuntime.cpp, line 366]
Event: 0.328 Thread 0x000000001d5ce000 Exception <a 'java/lang/ArrayIndexOutOfBoundsException': 18> (0x000000076c43cc18) thrown at [C:\re\workspace\8-2-build-windows-amd64-cygwin\jdk8u91\7017\hotspot\src\share\vm\interpreter\interpreterRuntime.cpp, line 366]
Event: 0.328 Thread 0x000000001d5ce000 Exception <a 'java/lang/ArrayIndexOutOfBoundsException': 86> (0x000000076c43dfc0) thrown at [C:\re\workspace\8-2-build-windows-amd64-cygwin\jdk8u91\7017\hotspot\src\share\vm\interpreter\interpreterRuntime.cpp, line 366]
Event: 0.334 Thread 0x000000001d5ce000 Exception <a 'java/lang/ArrayIndexOutOfBoundsException'> (0x000000076c474120) thrown at [C:\re\workspace\8-2-build-windows-amd64-cygwin\jdk8u91\7017\hotspot\src\share\vm\runtime\sharedRuntime.cpp, line 605]
Event: 0.364 Thread 0x000000001d5ce000 Implicit null exception at 0x0000000002c5fe75 to 0x0000000002c6006d

Events (10 events):
Event: 0.378 loading class java/util/ResourceBundle$BundleReference
Event: 0.378 loading class java/util/ResourceBundle$BundleReference done
Event: 0.378 loading class com/sun/javafx/tk/quantum/QuantumMessagesBundle_fr
Event: 0.378 loading class com/sun/javafx/tk/quantum/QuantumMessagesBundle_fr done
Event: 0.379 loading class com/sun/javafx/tk/quantum/QuantumMessagesBundle_fr_CH
Event: 0.379 loading class com/sun/javafx/tk/quantum/QuantumMessagesBundle_fr_CH done
Event: 0.380 loading class com/sun/javafx/tk/quantum/WindowStage$1
Event: 0.380 loading class com/sun/javafx/tk/quantum/WindowStage$1 done
Event: 0.380 loading class com/sun/javafx/tk/FocusCause
Event: 0.380 loading class com/sun/javafx/tk/FocusCause done


Dynamic libraries:
0x000000013f150000 - 0x000000013f187000 	C:\Program Files\Java\jdk1.8.0_91\jre\bin\java.exe
0x0000000077700000 - 0x00000000778aa000 	C:\Windows\SYSTEM32\ntdll.dll
0x00000000775e0000 - 0x00000000776ff000 	C:\Windows\system32\kernel32.dll
0x000007fefd4a0000 - 0x000007fefd50a000 	C:\Windows\system32\KERNELBASE.dll
0x000007fefdf20000 - 0x000007fefdffb000 	C:\Windows\system32\ADVAPI32.dll
0x000007feff5a0000 - 0x000007feff63f000 	C:\Windows\system32\msvcrt.dll
0x000007fefdcc0000 - 0x000007fefdcdf000 	C:\Windows\SYSTEM32\sechost.dll
0x000007fefdde0000 - 0x000007fefdf0d000 	C:\Windows\system32\RPCRT4.dll
0x00000000774e0000 - 0x00000000775da000 	C:\Windows\system32\USER32.dll
0x000007fefe000000 - 0x000007fefe067000 	C:\Windows\system32\GDI32.dll
0x000007fefdf10000 - 0x000007fefdf1e000 	C:\Windows\system32\LPK.dll
0x000007feff6c0000 - 0x000007feff78a000 	C:\Windows\system32\USP10.dll
0x000007fefbea0000 - 0x000007fefc094000 	C:\Windows\WinSxS\amd64_microsoft.windows.common-controls_6595b64144ccf1df_6.0.7601.18837_none_fa3b1e3d17594757\COMCTL32.dll
0x000007fefd980000 - 0x000007fefd9f1000 	C:\Windows\system32\SHLWAPI.dll
0x000007fefd840000 - 0x000007fefd86e000 	C:\Windows\system32\IMM32.DLL
0x000007fefd870000 - 0x000007fefd979000 	C:\Windows\system32\MSCTF.dll
0x000000005f730000 - 0x000000005f802000 	C:\Program Files\Java\jdk1.8.0_91\jre\bin\msvcr100.dll
0x000000005ee90000 - 0x000000005f723000 	C:\Program Files\Java\jdk1.8.0_91\jre\bin\server\jvm.dll
0x000007fef3770000 - 0x000007fef3779000 	C:\Windows\system32\WSOCK32.dll
0x000007fefda00000 - 0x000007fefda4d000 	C:\Windows\system32\WS2_32.dll
0x000007fefe340000 - 0x000007fefe348000 	C:\Windows\system32\NSI.dll
0x000007fefb140000 - 0x000007fefb17b000 	C:\Windows\system32\WINMM.dll
0x000007fefc6d0000 - 0x000007fefc6dc000 	C:\Windows\system32\VERSION.dll
0x00000000778c0000 - 0x00000000778c7000 	C:\Windows\system32\PSAPI.DLL
0x0000000074510000 - 0x000000007451f000 	C:\Program Files\Java\jdk1.8.0_91\jre\bin\verify.dll
0x0000000074480000 - 0x00000000744a9000 	C:\Program Files\Java\jdk1.8.0_91\jre\bin\java.dll
0x0000000063510000 - 0x0000000063526000 	C:\Program Files\Java\jdk1.8.0_91\jre\bin\zip.dll
0x000007fefe810000 - 0x000007feff59a000 	C:\Windows\system32\SHELL32.dll
0x000007fefdab0000 - 0x000007fefdcb3000 	C:\Windows\system32\ole32.dll
0x000007fefd490000 - 0x000007fefd49f000 	C:\Windows\system32\profapi.dll
0x000007fef28a0000 - 0x000007fef298f000 	C:\Program Files\Java\jdk1.8.0_91\jre\bin\msvcr120.dll
0x000007fec6cd0000 - 0x000007fec6d76000 	C:\Program Files\Java\jdk1.8.0_91\jre\bin\msvcp120.dll
0x0000000062ca0000 - 0x0000000062cc3000 	C:\Program Files\Java\jdk1.8.0_91\jre\bin\prism_d3d.dll
0x000007feeb3a0000 - 0x000007feeb59f000 	C:\Windows\system32\d3d9.dll
0x000007feeb390000 - 0x000007feeb397000 	C:\Windows\system32\d3d8thk.dll
0x000007fefb640000 - 0x000007fefb658000 	C:\Windows\system32\dwmapi.dll
0x000007fefbb80000 - 0x000007fefbbd6000 	C:\Windows\system32\uxtheme.dll
0x000007fed7590000 - 0x000007fed8647000 	C:\Windows\system32\nvd3dumx.dll
0x0000000062c50000 - 0x0000000062c93000 	C:\Program Files\Java\jdk1.8.0_91\jre\bin\glass.dll
0x000007fefe770000 - 0x000007fefe807000 	C:\Windows\system32\COMDLG32.dll
0x000007fefdce0000 - 0x000007fefddb8000 	C:\Windows\system32\OLEAUT32.dll
0x000007fefd320000 - 0x000007fefd32f000 	C:\Windows\system32\CRYPTBASE.dll
0x000007fefbdc0000 - 0x000007fefbdec000 	C:\Windows\system32\powrprof.dll
0x000007feff830000 - 0x000007feffa07000 	C:\Windows\system32\SETUPAPI.dll
0x000007fefd520000 - 0x000007fefd556000 	C:\Windows\system32\CFGMGR32.dll
0x000007fefd660000 - 0x000007fefd67a000 	C:\Windows\system32\DEVOBJ.dll
0x0000000062c30000 - 0x0000000062c44000 	C:\Program Files\Java\jdk1.8.0_91\jre\bin\javafx_font.dll
0x000007fede6c0000 - 0x000007fede857000 	C:\Windows\system32\dwrite.dll
0x000007feff790000 - 0x000007feff829000 	C:\Windows\system32\CLBCatQ.DLL
0x000007fefb490000 - 0x000007fefb5f1000 	C:\Windows\system32\WindowsCodecs.dll
0x000007fefd2c0000 - 0x000007fefd317000 	C:\Windows\system32\apphelp.dll
0x000007feefb00000 - 0x000007feefb3c000 	C:\Users\adrien.pillonel\AppData\Local\Microsoft\SkyDrive\16.4.6013.0910\amd64\SkyDriveShell64.dll
0x000007feee890000 - 0x000007feee937000 	C:\Users\adrien.pillonel\AppData\Local\Microsoft\SkyDrive\16.4.6013.0910\amd64\MSVCP110.dll
0x000007feee7c0000 - 0x000007feee88e000 	C:\Users\adrien.pillonel\AppData\Local\Microsoft\SkyDrive\16.4.6013.0910\amd64\MSVCR110.dll
0x000007fefe4e0000 - 0x000007fefe763000 	C:\Windows\system32\WININET.dll
0x000007fefd610000 - 0x000007fefd614000 	C:\Windows\system32\api-ms-win-downlevel-user32-l1-1-0.dll
0x000007fefd650000 - 0x000007fefd654000 	C:\Windows\system32\api-ms-win-downlevel-shlwapi-l1-1-0.dll
0x000007fefd560000 - 0x000007fefd564000 	C:\Windows\system32\api-ms-win-downlevel-version-l1-1-0.dll
0x000007fefd680000 - 0x000007fefd683000 	C:\Windows\system32\api-ms-win-downlevel-normaliz-l1-1-0.dll
0x00000000778d0000 - 0x00000000778d3000 	C:\Windows\system32\normaliz.DLL
0x000007fefe070000 - 0x000007fefe339000 	C:\Windows\system32\iertutil.dll
0x000007fefd510000 - 0x000007fefd515000 	C:\Windows\system32\api-ms-win-downlevel-advapi32-l1-1-0.dll
0x000007fefd630000 - 0x000007fefd64e000 	C:\Windows\system32\USERENV.dll
0x000007feee580000 - 0x000007feee7c0000 	C:\Program Files\Microsoft Office 15\root\VFS\ProgramFilesX64\Microsoft Office\Office15\GROOVEEX.DLL
0x00000000641f0000 - 0x0000000064288000 	C:\Program Files\Microsoft Office 15\root\VFS\ProgramFilesX64\Microsoft Office\Office15\MSVCP100.dll
0x00000000641c0000 - 0x00000000641eb000 	C:\Program Files\Microsoft Office 15\root\VFS\ProgramFilesX64\Microsoft Office\Office15\ATL100.DLL
0x000007fef4120000 - 0x000007fef443e000 	C:\Windows\system32\msi.dll
0x000007feed7f0000 - 0x000007feee07d000 	C:\Program Files\Microsoft Office 15\root\VFS\ProgramFilesX64\Microsoft Office\Office15\1036\GrooveIntlResource.dll
0x000007fef0840000 - 0x000007fef084f000 	C:\Windows\system32\AcSignIcon.dll
0x000007feed220000 - 0x000007feed785000 	C:\Windows\system32\mfc110u.dll
0x000007feed150000 - 0x000007feed21e000 	C:\Program Files (x86)\Dell Backup and Recovery\Components\Shell\DBROverlayIconBackuped.dll
0x0000000063cb0000 - 0x00000000641c0000 	C:\Program Files (x86)\Dell Backup and Recovery\Components\Shell\Qt5Core.dll
0x000007fef0d90000 - 0x000007fef0eb5000 	C:\Windows\system32\dbghelp.dll

VM Arguments:
jvm_args: -Dfile.encoding=UTF-8 
java_command: C:\Users\adrien.pillonel\Documents\NetBeansProjects\officeManager\JavaFXApplication2\dist\run678240888\officeManager.jar
java_class_path (initial): C:\Users\adrien.pillonel\Documents\NetBeansProjects\officeManager\JavaFXApplication2\dist\run678240888\officeManager.jar
Launcher Type: SUN_STANDARD

Environment Variables:
PATH=C:\ProgramData\Oracle\Java\javapath;C:\Program Files (x86)\Intel\iCLS Client\;C:\Program Files\Intel\iCLS Client\;C:\Windows\system32;C:\Windows;C:\Windows\System32\Wbem;C:\Windows\System32\WindowsPowerShell\v1.0\;C:\Program Files\Intel\Intel(R) Management Engine Components\DAL;C:\Program Files (x86)\Intel\Intel(R) Management Engine Components\DAL;C:\Program Files\Intel\Intel(R) Management Engine Components\IPT;C:\Program Files (x86)\Intel\Intel(R) Management Engine Components\IPT
USERNAME=adrien.pillonel
OS=Windows_NT
PROCESSOR_IDENTIFIER=Intel64 Family 6 Model 63 Stepping 2, GenuineIntel



---------------  S Y S T E M  ---------------

OS: Windows 7 , 64 bit Build 7601 (6.1.7601.23418)

CPU:total 2 (4 cores per cpu, 2 threads per core) family 6 model 63 stepping 2, cmov, cx8, fxsr, mmx, sse, sse2, sse3, ssse3, sse4.1, sse4.2, popcnt, avx, avx2, aes, clmul, erms, lzcnt, ht, tsc, tscinvbit, bmi1, bmi2

Memory: 4k page, physical 16699704k(11714364k free), swap 33397548k(27462084k free)

vm_info: Java HotSpot(TM) 64-Bit Server VM (25.91-b15) for windows-amd64 JRE (1.8.0_91-b15), built on May 20 2016 17:43:15 by "java_re" with MS VC++ 10.0 (VS2010)

time: Mon Jan 09 08:12:54 2017
elapsed time: 0 seconds (0d 0h 0m 0s)

